<?xml version="1.0" encoding="UTF-8"?>
<!-- Generated by org.testng.reporters.JUnitReportReporter -->
<testsuite hostname="MSI" failures="0" tests="2" name="com.qa.vrwork.tests.LoginTest" time="9.077" errors="0" timestamp="2023-08-07T11:39:34 IST" skipped="0">
  <testcase classname="com.qa.vrwork.tests.LoginTest" name="LoginTest" time="9.068"/>
  <testcase classname="com.qa.vrwork.tests.LoginTest" name="LoginPageTitleTest" time="0.009"/>
</testsuite> <!-- com.qa.vrwork.tests.LoginTest -->
