<?xml version="1.0" encoding="UTF-8"?>
<!-- Generated by org.testng.reporters.JUnitReportReporter -->
<testsuite hostname="MSI" failures="0" tests="1" name="com.qa.vrwork.tests.test" time="0.004" errors="0" timestamp="2023-07-24T14:18:23 IST" skipped="0">
  <testcase classname="com.qa.vrwork.tests.test" name="test" time="0.004"/>
</testsuite> <!-- com.qa.vrwork.tests.test -->
