<?xml version="1.0" encoding="UTF-8"?>
<!-- Generated by org.testng.reporters.JUnitReportReporter -->
<testsuite hostname="MSI" failures="0" tests="1" name="com.qa.vrwork.tests.ProcessServiceOrdersTest" time="3.199" errors="0" timestamp="2023-08-07T16:48:26 IST" skipped="0">
  <testcase classname="com.qa.vrwork.tests.ProcessServiceOrdersTest" name="mainmenuTest" time="3.199"/>
</testsuite> <!-- com.qa.vrwork.tests.ProcessServiceOrdersTest -->
