<?xml version="1.0" encoding="UTF-8"?>
<!-- Generated by org.testng.reporters.JUnitReportReporter -->
<testsuite hostname="MSI" failures="0" tests="4" name="com.qa.vrwork.tests.TaskTest" time="75.012" errors="0" timestamp="2023-08-07T16:26:23 IST" skipped="0">
  <testcase classname="com.qa.vrwork.tests.TaskTest" name="mainmenuTest" time="0.115"/>
  <testcase classname="com.qa.vrwork.tests.TaskTest" name="sidemenuTest" time="24.849"/>
  <testcase classname="com.qa.vrwork.tests.TaskTest" name="sidemenuTest" time="24.802"/>
  <testcase classname="com.qa.vrwork.tests.TaskTest" name="sidemenuTest" time="25.246"/>
</testsuite> <!-- com.qa.vrwork.tests.TaskTest -->
