<?xml version="1.0" encoding="UTF-8"?>
<!-- Generated by org.testng.reporters.JUnitReportReporter -->
<testsuite hostname="MSI" failures="0" tests="3" name="com.qa.vrwork.tests.MyTaskCompeleteTest" time="28.310" errors="0" timestamp="2023-08-07T15:27:26 IST" skipped="0">
  <testcase classname="com.qa.vrwork.tests.MyTaskCompeleteTest" name="mainmenuTest" time="9.583"/>
  <testcase classname="com.qa.vrwork.tests.MyTaskCompeleteTest" name="mainmenuTest" time="8.415"/>
  <testcase classname="com.qa.vrwork.tests.MyTaskCompeleteTest" name="mainmenuTest" time="10.312"/>
</testsuite> <!-- com.qa.vrwork.tests.MyTaskCompeleteTest -->
