<?xml version="1.0" encoding="UTF-8"?>
<!-- Generated by org.testng.reporters.JUnitReportReporter -->
<testsuite hostname="MSI" failures="0" tests="4" name="com.qa.vrwork.tests.InvoicePostBillTest" time="28.607" errors="0" timestamp="2023-08-07T15:41:39 IST" skipped="0">
  <testcase classname="com.qa.vrwork.tests.InvoicePostBillTest" name="redirectOnInvoicePageTest" time="0.031"/>
  <testcase classname="com.qa.vrwork.tests.InvoicePostBillTest" name="getInvoiceTaskPostBillTest" time="9.405"/>
  <testcase classname="com.qa.vrwork.tests.InvoicePostBillTest" name="OpenInvoiceMenuTest" time="9.098"/>
  <testcase classname="com.qa.vrwork.tests.InvoicePostBillTest" name="getInvoiceTaskPostBillTest" time="10.073"/>
</testsuite> <!-- com.qa.vrwork.tests.InvoicePostBillTest -->
